Arguments: 
  C:\Program Files\nodejs\node.exe C:\Program Files (x86)\Yarn\bin\yarn.js add bootstrap

PATH: 
  C:\Python3.6.8\Scripts\;C:\Python3.6.8\;C:\WINDOWS\system32;C:\WINDOWS;C:\WINDOWS\System32\Wbem;C:\WINDOWS\System32\WindowsPowerShell\v1.0\;C:\Program Files (x86)\Skype\Phone\;C:\Program Files\Java\jdk-10.0.2\bin;C:\WINDOWS\System32\OpenSSH\;C:\Program Files\Microsoft SQL Server\130\Tools\Binn\;C:\Program Files\nodejs\;C:\ProgramData\chocolatey\bin;C:\Program Files\Git\cmd;C:\Program Files (x86)\Yarn\bin\;C:\Users\Asus\AppData\Local\Programs\Python\Python37\Scripts\;C:\Users\Asus\AppData\Local\Programs\Python\Python37\;C:\Ruby25-x64\bin;C:\Program Files\MySQL\MySQL Shell 8.0\bin\;C:\Users\Asus\AppData\Local\Programs\Microsoft VS Code\bin;C:\Users\Asus\AppData\Local\Microsoft\WindowsApps;C:\Users\Asus\AppData\Local\Yarn\bin

Yarn version: 
  1.16.0

Node version: 
  11.12.0

Platform: 
  win32 x64

Trace: 
  Error: EPERM: operation not permitted, unlink 'D:\beekids-landingpage\beekids-landingpage\node_modules\deasync\bin\win32-x64-node-11\deasync.node'

npm manifest: 
  {
    "name": "beekids-landingpage",
    "version": "1.0.0",
    "description": "Beekids landing page",
    "main": "index.js",
    "scripts": {
      "dev": "parcel index.html",
      "build": "parcel build index.html"
    },
    "repository": {
      "type": "git",
      "url": "git+https://github.com/phanviet/beekids-landingpage.git"
    },
    "author": "",
    "license": "ISC",
    "bugs": {
      "url": "https://github.com/phanviet/beekids-landingpage/issues"
    },
    "homepage": "https://github.com/phanviet/beekids-landingpage#readme",
    "devDependencies": {
      "parcel-bundler": "^1.12.3",
      "sass": "^1.22.7"
    }
  }

yarn manifest: 
  No manifest

Lockfile: 
  No lockfile
